INFO:__main__:filters season=2025-26 day=None date_from=None date_to=None game_id=None team_id=None player_id=None season_types=['Regular Season', 'Playoffs'] include_existing=False with_shot_detail=True
INFO:__main__:season_type=Regular Season fetched_games=906
INFO:__main__:season_type=Playoffs fetched_games=0
INFO:__main__:processing 906 candidate games with max_workers=1
INFO:__main__:[1/906] game_id=0022500002 date=2025-10-21 season_id=22025 matchup=LAL vs. GSW status(game=True,detail=True,pbp=True,shot=True) missing=-
INFO:__main__:[1/906] skip game_id=0022500002 reason=fully_backfilled
INFO:__main__:[2/906] game_id=0022500001 date=2025-10-21 season_id=22025 matchup=HOU @ OKC status(game=True,detail=True,pbp=True,shot=True) missing=-
INFO:__main__:[2/906] skip game_id=0022500001 reason=fully_backfilled
INFO:__main__:[3/906] game_id=0022500081 date=2025-10-22 season_id=22025 matchup=ORL vs. MIA status(game=True,detail=True,pbp=True,shot=True) missing=-
INFO:__main__:[3/906] skip game_id=0022500081 reason=fully_backfilled
INFO:__main__:[4/906] game_id=0022500088 date=2025-10-22 season_id=22025 matchup=SAC @ PHX status(game=True,detail=True,pbp=True,shot=True) missing=-
INFO:__main__:[4/906] skip game_id=0022500088 reason=fully_backfilled
INFO:__main__:[5/906] game_id=0022500083 date=2025-10-22 season_id=22025 matchup=PHI @ BOS status(game=True,detail=True,pbp=True,shot=True) missing=-
INFO:__main__:[5/906] skip game_id=0022500083 reason=fully_backfilled
INFO:__main__:[6/906] game_id=0022500082 date=2025-10-22 season_id=22025 matchup=TOR @ ATL status(game=True,detail=True,pbp=True,shot=True) missing=-
INFO:__main__:[6/906] skip game_id=0022500082 reason=fully_backfilled
INFO:__main__:[7/906] game_id=0022500089 date=2025-10-22 season_id=22025 matchup=POR vs. MIN status(game=True,detail=True,pbp=True,shot=True) missing=-
INFO:__main__:[7/906] skip game_id=0022500089 reason=fully_backfilled
INFO:__main__:[8/906] game_id=0022500080 date=2025-10-22 season_id=22025 matchup=BKN @ CHA status(game=True,detail=True,pbp=True,shot=True) missing=-
INFO:__main__:[8/906] skip game_id=0022500080 reason=fully_backfilled
INFO:__main__:[9/906] game_id=0022500004 date=2025-10-22 season_id=22025 matchup=SAS @ DAL status(game=True,detail=True,pbp=True,shot=True) missing=-
INFO:__main__:[9/906] skip game_id=0022500004 reason=fully_backfilled
INFO:__main__:[10/906] game_id=0022500086 date=2025-10-22 season_id=22025 matchup=MIL vs. WAS status(game=True,detail=True,pbp=True,shot=True) missing=-
INFO:__main__:[10/906] skip game_id=0022500086 reason=fully_backfilled
INFO:__main__:[11/906] game_id=0022500085 date=2025-10-22 season_id=22025 matchup=NOP @ MEM status(game=True,detail=True,pbp=True,shot=True) missing=-
INFO:__main__:[11/906] skip game_id=0022500085 reason=fully_backfilled
INFO:__main__:[12/906] game_id=0022500084 date=2025-10-22 season_id=22025 matchup=DET @ CHI status(game=True,detail=True,pbp=True,shot=True) missing=-
INFO:__main__:[12/906] skip game_id=0022500084 reason=fully_backfilled
INFO:__main__:[13/906] game_id=0022500087 date=2025-10-22 season_id=22025 matchup=LAC @ UTA status(game=True,detail=True,pbp=True,shot=True) missing=-
INFO:__main__:[13/906] skip game_id=0022500087 reason=fully_backfilled
INFO:__main__:[14/906] game_id=0022500003 date=2025-10-22 season_id=22025 matchup=CLE @ NYK status(game=True,detail=True,pbp=True,shot=True) missing=-
INFO:__main__:[14/906] skip game_id=0022500003 reason=fully_backfilled
INFO:__main__:[15/906] game_id=0022500006 date=2025-10-23 season_id=22025 matchup=GSW vs. DEN status(game=True,detail=True,pbp=True,shot=True) missing=-
INFO:__main__:[15/906] skip game_id=0022500006 reason=fully_backfilled
INFO:__main__:[16/906] game_id=0022500005 date=2025-10-23 season_id=22025 matchup=IND vs. OKC status(game=True,detail=True,pbp=True,shot=True) missing=-
INFO:__main__:[16/906] skip game_id=0022500005 reason=fully_backfilled
INFO:__main__:[17/906] game_id=0022500092 date=2025-10-24 season_id=22025 matchup=MIL @ TOR status(game=True,detail=True,pbp=True,shot=True) missing=-
INFO:__main__:[17/906] skip game_id=0022500092 reason=fully_backfilled
INFO:__main__:[18/906] game_id=0022500090 date=2025-10-24 season_id=22025 matchup=ATL @ ORL status(game=True,detail=True,pbp=True,shot=True) missing=-
INFO:__main__:[18/906] skip game_id=0022500090 reason=fully_backfilled
INFO:__main__:[19/906] game_id=0022500019 date=2025-10-24 season_id=22025 matchup=LAL vs. MIN status(game=True,detail=True,pbp=True,shot=True) missing=-
INFO:__main__:[19/906] skip game_id=0022500019 reason=fully_backfilled
INFO:__main__:[20/906] game_id=0022500099 date=2025-10-24 season_id=22025 matchup=LAC vs. PHX status(game=True,detail=True,pbp=True,shot=True) missing=-
INFO:__main__:[20/906] skip game_id=0022500099 reason=fully_backfilled
INFO:__main__:[21/906] game_id=0022500096 date=2025-10-24 season_id=22025 matchup=DAL vs. WAS status(game=True,detail=True,pbp=True,shot=True) missing=-
INFO:__main__:[21/906] skip game_id=0022500096 reason=fully_backfilled
INFO:__main__:[22/906] game_id=0022500018 date=2025-10-24 season_id=22025 matchup=NYK vs. BOS status(game=True,detail=True,pbp=True,shot=True) missing=-
INFO:__main__:[22/906] skip game_id=0022500018 reason=fully_backfilled
INFO:__main__:[23/906] game_id=0022500094 date=2025-10-24 season_id=22025 matchup=MEM vs. MIA status(game=True,detail=True,pbp=True,shot=True) missing=-
INFO:__main__:[23/906] skip game_id=0022500094 reason=fully_backfilled
INFO:__main__:[24/906] game_id=0022500093 date=2025-10-24 season_id=22025 matchup=HOU vs. DET status(game=True,detail=True,pbp=True,shot=True) missing=-
INFO:__main__:[24/906] skip game_id=0022500093 reason=fully_backfilled
INFO:__main__:[25/906] game_id=0022500091 date=2025-10-24 season_id=22025 matchup=BKN vs. CLE status(game=True,detail=True,pbp=True,shot=True) missing=-
INFO:__main__:[25/906] skip game_id=0022500091 reason=fully_backfilled
INFO:__main__:[26/906] game_id=0022500095 date=2025-10-24 season_id=22025 matchup=NOP vs. SAS status(game=True,detail=True,pbp=True,shot=True) missing=-
INFO:__main__:[26/906] skip game_id=0022500095 reason=fully_backfilled
INFO:__main__:[27/906] game_id=0022500097 date=2025-10-24 season_id=22025 matchup=GSW @ POR status(game=True,detail=True,pbp=True,shot=True) missing=-
INFO:__main__:[27/906] skip game_id=0022500097 reason=fully_backfilled
INFO:__main__:[28/906] game_id=0022500098 date=2025-10-24 season_id=22025 matchup=SAC vs. UTA status(game=True,detail=True,pbp=True,shot=True) missing=-
INFO:__main__:[28/906] skip game_id=0022500098 reason=fully_backfilled
INFO:__main__:[29/906] game_id=0022500100 date=2025-10-25 season_id=22025 matchup=ORL vs. CHI status(game=True,detail=True,pbp=True,shot=True) missing=-
INFO:__main__:[29/906] skip game_id=0022500100 reason=fully_backfilled
INFO:__main__:[30/906] game_id=0022500103 date=2025-10-25 season_id=22025 matchup=MEM vs. IND status(game=True,detail=True,pbp=True,shot=True) missing=-
INFO:__main__:[30/906] skip game_id=0022500103 reason=fully_backfilled
INFO:__main__:[31/906] game_id=0022500104 date=2025-10-25 season_id=22025 matchup=DEN vs. PHX status(game=True,detail=True,pbp=True,shot=True) missing=-
INFO:__main__:[31/906] skip game_id=0022500104 reason=fully_backfilled
INFO:__main__:[32/906] game_id=0022500101 date=2025-10-25 season_id=22025 matchup=OKC @ ATL status(game=True,detail=True,pbp=True,shot=True) missing=-
INFO:__main__:[32/906] skip game_id=0022500101 reason=fully_backfilled
INFO:__main__:[33/906] game_id=0022500102 date=2025-10-25 season_id=22025 matchup=PHI vs. CHA status(game=True,detail=True,pbp=True,shot=True) missing=-
INFO:__main__:[33/906] skip game_id=0022500102 reason=fully_backfilled
INFO:__main__:[34/906] game_id=0022500113 date=2025-10-26 season_id=22025 matchup=LAL @ SAC status(game=True,detail=True,pbp=True,shot=True) missing=-
INFO:__main__:[34/906] skip game_id=0022500113 reason=fully_backfilled
INFO:__main__:[35/906] game_id=0022500107 date=2025-10-26 season_id=22025 matchup=CLE vs. MIL status(game=True,detail=True,pbp=True,shot=True) missing=-
INFO:__main__:[35/906] skip game_id=0022500107 reason=fully_backfilled
INFO:__main__:[36/906] game_id=0022500112 date=2025-10-26 season_id=22025 matchup=POR @ LAC status(game=True,detail=True,pbp=True,shot=True) missing=-
INFO:__main__:[36/906] skip game_id=0022500112 reason=fully_backfilled
INFO:__main__:[37/906] game_id=0022500106 date=2025-10-26 season_id=22025 matchup=BOS @ DET status(game=True,detail=True,pbp=True,shot=True) missing=-
INFO:__main__:[37/906] skip game_id=0022500106 reason=fully_backfilled
INFO:__main__:[38/906] game_id=0022500108 date=2025-10-26 season_id=22025 matchup=MIA vs. NYK status(game=True,detail=True,pbp=True,shot=True) missing=-
INFO:__main__:[38/906] skip game_id=0022500108 reason=fully_backfilled
INFO:__main__:[39/906] game_id=0022500109 date=2025-10-26 season_id=22025 matchup=WAS vs. CHA status(game=True,detail=True,pbp=True,shot=True) missing=-
INFO:__main__:[39/906] skip game_id=0022500109 reason=fully_backfilled
INFO:__main__:[40/906] game_id=0022500111 date=2025-10-26 season_id=22025 matchup=TOR @ DAL status(game=True,detail=True,pbp=True,shot=True) missing=-
INFO:__main__:[40/906] skip game_id=0022500111 reason=fully_backfilled
INFO:__main__:[41/906] game_id=0022500105 date=2025-10-26 season_id=22025 matchup=BKN @ SAS status(game=True,detail=True,pbp=True,shot=True) missing=-
INFO:__main__:[41/906] skip game_id=0022500105 reason=fully_backfilled
INFO:__main__:[42/906] game_id=0022500110 date=2025-10-26 season_id=22025 matchup=IND @ MIN status(game=True,detail=True,pbp=True,shot=True) missing=-
INFO:__main__:[42/906] skip game_id=0022500110 reason=fully_backfilled
INFO:__main__:[43/906] game_id=0022500114 date=2025-10-27 season_id=22025 matchup=PHI vs. ORL status(game=True,detail=True,pbp=True,shot=True) missing=-
INFO:__main__:[43/906] skip game_id=0022500114 reason=fully_backfilled
INFO:__main__:[44/906] game_id=0022500115 date=2025-10-27 season_id=22025 matchup=CHI vs. ATL status(game=True,detail=True,pbp=True,shot=True) missing=-
INFO:__main__:[44/906] skip game_id=0022500115 reason=fully_backfilled
INFO:__main__:[45/906] game_id=0022500122 date=2025-10-27 season_id=22025 matchup=POR @ LAL status(game=True,detail=True,pbp=True,shot=True) missing=-
INFO:__main__:[45/906] skip game_id=0022500122 reason=fully_backfilled
INFO:__main__:[46/906] game_id=0022500121 date=2025-10-27 season_id=22025 matchup=MEM @ GSW status(game=True,detail=True,pbp=True,shot=True) missing=-
INFO:__main__:[46/906] skip game_id=0022500121 reason=fully_backfilled
INFO:__main__:[47/906] game_id=0022500119 date=2025-10-27 season_id=22025 matchup=OKC @ DAL status(game=True,detail=True,pbp=True,shot=True) missing=-
INFO:__main__:[47/906] skip game_id=0022500119 reason=fully_backfilled
INFO:__main__:[48/906] game_id=0022500118 date=2025-10-27 season_id=22025 matchup=SAS vs. TOR status(game=True,detail=True,pbp=True,shot=True) missing=-
INFO:__main__:[48/906] skip game_id=0022500118 reason=fully_backfilled
INFO:__main__:[49/906] game_id=0022500008 date=2025-10-27 season_id=22025 matchup=MIN vs. DEN status(game=True,detail=True,pbp=True,shot=True) missing=-
INFO:__main__:[49/906] skip game_id=0022500008 reason=fully_backfilled
INFO:__main__:[50/906] game_id=0022500007 date=2025-10-27 season_id=22025 matchup=CLE @ DET status(game=True,detail=True,pbp=True,shot=True) missing=-
INFO:__main__:[50/906] skip game_id=0022500007 reason=fully_backfilled
INFO:__main__:[51/906] game_id=0022500120 date=2025-10-27 season_id=22025 matchup=UTA vs. PHX status(game=True,detail=True,pbp=True,shot=True) missing=-
INFO:__main__:[51/906] skip game_id=0022500120 reason=fully_backfilled
INFO:__main__:[52/906] game_id=0022500117 date=2025-10-27 season_id=22025 matchup=NOP vs. BOS status(game=True,detail=True,pbp=True,shot=True) missing=-
INFO:__main__:[52/906] skip game_id=0022500117 reason=fully_backfilled
INFO:__main__:[53/906] game_id=0022500116 date=2025-10-27 season_id=22025 matchup=HOU vs. BKN status(game=True,detail=True,pbp=True,shot=True) missing=-
INFO:__main__:[53/906] skip game_id=0022500116 reason=fully_backfilled
INFO:__main__:[54/906] game_id=0022500127 date=2025-10-28 season_id=22025 matchup=GSW vs. LAC status(game=True,detail=True,pbp=True,shot=True) missing=-
INFO:__main__:[54/906] skip game_id=0022500127 reason=fully_backfilled
INFO:__main__:[55/906] game_id=0022500123 date=2025-10-28 season_id=22025 matchup=WAS vs. PHI status(game=True,detail=True,pbp=True,shot=True) missing=-
INFO:__main__:[55/906] skip game_id=0022500123 reason=fully_backfilled
INFO:__main__:[56/906] game_id=0022500126 date=2025-10-28 season_id=22025 matchup=SAC @ OKC status(game=True,detail=True,pbp=True,shot=True) missing=-
INFO:__main__:[56/906] skip game_id=0022500126 reason=fully_backfilled
INFO:__main__:[57/906] game_id=0022500124 date=2025-10-28 season_id=22025 matchup=MIA vs. CHA status(game=True,detail=True,pbp=True,shot=True) missing=-
INFO:__main__:[57/906] skip game_id=0022500124 reason=fully_backfilled
INFO:__main__:[58/906] game_id=0022500125 date=2025-10-28 season_id=22025 matchup=NYK @ MIL status(game=True,detail=True,pbp=True,shot=True) missing=-
INFO:__main__:[58/906] skip game_id=0022500125 reason=fully_backfilled
INFO:__main__:[59/906] game_id=0022500137 date=2025-10-29 season_id=22025 matchup=MEM @ PHX status(game=True,detail=True,pbp=True,shot=True) missing=-
INFO:__main__:[59/906] skip game_id=0022500137 reason=fully_backfilled
INFO:__main__:[60/906] game_id=0022500136 date=2025-10-29 season_id=22025 matchup=MIN vs. LAL status(game=True,detail=True,pbp=True,shot=True) missing=-
INFO:__main__:[60/906] skip game_id=0022500136 reason=fully_backfilled
INFO:__main__:[61/906] game_id=0022500130 date=2025-10-29 season_id=22025 matchup=ATL @ BKN status(game=True,detail=True,pbp=True,shot=True) missing=-
INFO:__main__:[61/906] skip game_id=0022500130 reason=fully_backfilled
INFO:__main__:[62/906] game_id=0022500135 date=2025-10-29 season_id=22025 matchup=POR @ UTA status(game=True,detail=True,pbp=True,shot=True) missing=-
INFO:__main__:[62/906] skip game_id=0022500135 reason=fully_backfilled
INFO:__main__:[63/906] game_id=0022500129 date=2025-10-29 season_id=22025 matchup=DET vs. ORL status(game=True,detail=True,pbp=True,shot=True) missing=-
INFO:__main__:[63/906] skip game_id=0022500129 reason=fully_backfilled
INFO:__main__:[64/906] game_id=0022500131 date=2025-10-29 season_id=22025 matchup=TOR vs. HOU status(game=True,detail=True,pbp=True,shot=True) missing=-
INFO:__main__:[64/906] skip game_id=0022500131 reason=fully_backfilled
INFO:__main__:[65/906] game_id=0022500132 date=2025-10-29 season_id=22025 matchup=SAC @ CHI status(game=True,detail=True,pbp=True,shot=True) missing=-
INFO:__main__:[65/906] skip game_id=0022500132 reason=fully_backfilled
INFO:__main__:[66/906] game_id=0022500133 date=2025-10-29 season_id=22025 matchup=DAL vs. IND status(game=True,detail=True,pbp=True,shot=True) missing=-
INFO:__main__:[66/906] skip game_id=0022500133 reason=fully_backfilled
INFO:__main__:[67/906] game_id=0022500128 date=2025-10-29 season_id=22025 matchup=BOS vs. CLE status(game=True,detail=True,pbp=True,shot=True) missing=-
INFO:__main__:[67/906] skip game_id=0022500128 reason=fully_backfilled
INFO:__main__:[68/906] game_id=0022500134 date=2025-10-29 season_id=22025 matchup=DEN vs. NOP status(game=True,detail=True,pbp=True,shot=True) missing=-
INFO:__main__:[68/906] skip game_id=0022500134 reason=fully_backfilled
INFO:__main__:[69/906] game_id=0022500141 date=2025-10-30 season_id=22025 matchup=SAS vs. MIA status(game=True,detail=True,pbp=True,shot=True) missing=-
INFO:__main__:[69/906] skip game_id=0022500141 reason=fully_backfilled
INFO:__main__:[70/906] game_id=0022500138 date=2025-10-30 season_id=22025 matchup=ORL @ CHA status(game=True,detail=True,pbp=True,shot=True) missing=-
INFO:__main__:[70/906] skip game_id=0022500138 reason=fully_backfilled
INFO:__main__:[71/906] game_id=0022500139 date=2025-10-30 season_id=22025 matchup=GSW @ MIL status(game=True,detail=True,pbp=True,shot=True) missing=-
INFO:__main__:[71/906] skip game_id=0022500139 reason=fully_backfilled
INFO:__main__:[72/906] game_id=0022500140 date=2025-10-30 season_id=22025 matchup=OKC vs. WAS status(game=True,detail=True,pbp=True,shot=True) missing=-
INFO:__main__:[72/906] skip game_id=0022500140 reason=fully_backfilled
INFO:__main__:[73/906] game_id=0022500023 date=2025-10-31 season_id=22025 matchup=CHI vs. NYK status(game=True,detail=True,pbp=True,shot=True) missing=-
INFO:__main__:[73/906] skip game_id=0022500023 reason=fully_backfilled
INFO:__main__:[74/906] game_id=0022500026 date=2025-10-31 season_id=22025 matchup=POR vs. DEN status(game=True,detail=True,pbp=True,shot=True) missing=-
INFO:__main__:[74/906] skip game_id=0022500026 reason=fully_backfilled
INFO:__main__:[75/906] game_id=0022500024 date=2025-10-31 season_id=22025 matchup=LAL @ MEM status(game=True,detail=True,pbp=True,shot=True) missing=-
INFO:__main__:[75/906] skip game_id=0022500024 reason=fully_backfilled
INFO:__main__:[76/906] game_id=0022500025 date=2025-10-31 season_id=22025 matchup=UTA @ PHX status(game=True,detail=True,pbp=True,shot=True) missing=-
INFO:__main__:[76/906] skip game_id=0022500025 reason=fully_backfilled
INFO:__main__:[77/906] game_id=0022500021 date=2025-10-31 season_id=22025 matchup=PHI vs. BOS status(game=True,detail=True,pbp=True,shot=True) missing=-
INFO:__main__:[77/906] skip game_id=0022500021 reason=fully_backfilled
INFO:__main__:[78/906] game_id=0022500020 date=2025-10-31 season_id=22025 matchup=ATL @ IND status(game=True,detail=True,pbp=True,shot=True) missing=-
INFO:__main__:[78/906] skip game_id=0022500020 reason=fully_backfilled
INFO:__main__:[79/906] game_id=0022500022 date=2025-10-31 season_id=22025 matchup=TOR @ CLE status(game=True,detail=True,pbp=True,shot=True) missing=-
INFO:__main__:[79/906] skip game_id=0022500022 reason=fully_backfilled
INFO:__main__:[80/906] game_id=0022500027 date=2025-10-31 season_id=22025 matchup=NOP @ LAC status(game=True,detail=True,pbp=True,shot=True) missing=-
INFO:__main__:[80/906] skip game_id=0022500027 reason=fully_backfilled
INFO:__main__:[81/906] game_id=0022500145 date=2025-11-01 season_id=22025 matchup=WAS vs. ORL status(game=True,detail=True,pbp=True,shot=True) missing=-
INFO:__main__:[81/906] skip game_id=0022500145 reason=fully_backfilled
INFO:__main__:[82/906] game_id=0022500142 date=2025-11-01 season_id=22025 matchup=SAC @ MIL status(game=True,detail=True,pbp=True,shot=True) missing=-
INFO:__main__:[82/906] skip game_id=0022500142 reason=fully_backfilled
INFO:__main__:[83/906] game_id=0022500143 date=2025-11-01 season_id=22025 matchup=CHA vs. MIN status(game=True,detail=True,pbp=True,shot=True) missing=-
INFO:__main__:[83/906] skip game_id=0022500143 reason=fully_backfilled
INFO:__main__:[84/906] game_id=0022500144 date=2025-11-01 season_id=22025 matchup=GSW @ IND status(game=True,detail=True,pbp=True,shot=True) missing=-
INFO:__main__:[84/906] skip game_id=0022500144 reason=fully_backfilled
INFO:__main__:[85/906] game_id=0022500147 date=2025-11-01 season_id=22025 matchup=DAL @ DET status(game=True,detail=True,pbp=True,shot=True) missing=-
INFO:__main__:[85/906] skip game_id=0022500147 reason=fully_backfilled
INFO:__main__:[86/906] game_id=0022500146 date=2025-11-01 season_id=22025 matchup=HOU @ BOS status(game=True,detail=True,pbp=True,shot=True) missing=-
INFO:__main__:[86/906] skip game_id=0022500146 reason=fully_backfilled
INFO:__main__:[87/906] game_id=0022500154 date=2025-11-02 season_id=22025 matchup=SAS @ PHX status(game=True,detail=True,pbp=True,shot=True) missing=-
INFO:__main__:[87/906] skip game_id=0022500154 reason=fully_backfilled
INFO:__main__:[88/906] game_id=0022500150 date=2025-11-02 season_id=22025 matchup=UTA @ CHA status(game=True,detail=True,pbp=True,shot=False) missing=shot
INFO:__main__:[88/906] backfill game_id=0022500150 start
INFO:db.backfill_nba_games:process game UTA @ CHA
INFO:db.backfill_nba_game_detail:skip back filling game detail for game UTA @ CHA, id 0022500150
INFO:db.backfill_nba_game_pbp:skip back filling game pbp for game id 0022500150
INFO:__main__:[88/906] backfill game_id=0022500150 done status_after(game=True,detail=True,pbp=True,shot=True)
INFO:__main__:[89/906] game_id=0022500153 date=2025-11-02 season_id=22025 matchup=CHI @ NYK status(game=True,detail=True,pbp=True,shot=True) missing=-
INFO:__main__:[89/906] skip game_id=0022500153 reason=fully_backfilled
INFO:__main__:[90/906] game_id=0022500148 date=2025-11-02 season_id=22025 matchup=OKC vs. NOP status(game=True,detail=True,pbp=True,shot=False) missing=shot
INFO:__main__:[90/906] backfill game_id=0022500148 start
INFO:db.backfill_nba_games:process game OKC vs. NOP
INFO:db.backfill_nba_game_detail:skip back filling game detail for game OKC vs. NOP, id 0022500148
INFO:db.backfill_nba_game_pbp:skip back filling game pbp for game id 0022500148
INFO:__main__:[90/906] backfill game_id=0022500148 done status_after(game=True,detail=True,pbp=True,shot=True)
INFO:__main__:[91/906] game_id=0022500155 date=2025-11-02 season_id=22025 matchup=MIA @ LAL status(game=True,detail=True,pbp=True,shot=True) missing=-
INFO:__main__:[91/906] skip game_id=0022500155 reason=fully_backfilled
INFO:__main__:[92/906] game_id=0022500149 date=2025-11-02 season_id=22025 matchup=PHI @ BKN status(game=True,detail=True,pbp=True,shot=True) missing=-
INFO:__main__:[92/906] skip game_id=0022500149 reason=fully_backfilled
INFO:__main__:[93/906] game_id=0022500152 date=2025-11-02 season_id=22025 matchup=TOR vs. MEM status(game=True,detail=True,pbp=True,shot=False) missing=shot
INFO:__main__:[93/906] backfill game_id=0022500152 start
INFO:db.backfill_nba_games:process game TOR vs. MEM
INFO:db.backfill_nba_game_detail:skip back filling game detail for game TOR vs. MEM, id 0022500152
INFO:db.backfill_nba_game_pbp:skip back filling game pbp for game id 0022500152
INFO:__main__:[93/906] backfill game_id=0022500152 done status_after(game=True,detail=True,pbp=True,shot=True)
INFO:__main__:[94/906] game_id=0022500151 date=2025-11-02 season_id=22025 matchup=ATL @ CLE status(game=True,detail=True,pbp=True,shot=True) missing=-
INFO:__main__:[94/906] skip game_id=0022500151 reason=fully_backfilled
INFO:__main__:[95/906] game_id=0022500156 date=2025-11-03 season_id=22025 matchup=BKN vs. MIN status(game=True,detail=True,pbp=True,shot=False) missing=shot
INFO:__main__:[95/906] backfill game_id=0022500156 start
INFO:db.backfill_nba_games:process game BKN vs. MIN
INFO:db.backfill_nba_game_detail:skip back filling game detail for game BKN vs. MIN, id 0022500156
INFO:db.backfill_nba_game_pbp:skip back filling game pbp for game id 0022500156
INFO:__main__:[95/906] backfill game_id=0022500156 done status_after(game=True,detail=True,pbp=True,shot=True)
INFO:__main__:[96/906] game_id=0022500157 date=2025-11-03 season_id=22025 matchup=IND vs. MIL status(game=True,detail=True,pbp=True,shot=True) missing=-
INFO:__main__:[96/906] skip game_id=0022500157 reason=fully_backfilled
INFO:__main__:[97/906] game_id=0022500162 date=2025-11-03 season_id=22025 matchup=SAC @ DEN status(game=True,detail=True,pbp=True,shot=True) missing=-
INFO:__main__:[97/906] skip game_id=0022500162 reason=fully_backfilled
INFO:__main__:[98/906] game_id=0022500158 date=2025-11-03 season_id=22025 matchup=BOS vs. UTA status(game=True,detail=True,pbp=True,shot=True) missing=-
INFO:__main__:[98/906] skip game_id=0022500158 reason=fully_backfilled
INFO:__main__:[99/906] game_id=0022500160 date=2025-11-03 season_id=22025 matchup=DAL @ HOU status(game=True,detail=True,pbp=True,shot=False) missing=shot
INFO:__main__:[99/906] backfill game_id=0022500160 start
INFO:db.backfill_nba_games:process game DAL @ HOU
INFO:db.backfill_nba_game_detail:skip back filling game detail for game DAL @ HOU, id 0022500160
INFO:db.backfill_nba_game_pbp:skip back filling game pbp for game id 0022500160
INFO:__main__:[99/906] backfill game_id=0022500160 done status_after(game=True,detail=True,pbp=True,shot=True)
INFO:__main__:[100/906] game_id=0022500164 date=2025-11-03 season_id=22025 matchup=MIA @ LAC status(game=True,detail=True,pbp=True,shot=False) missing=shot
INFO:__main__:[100/906] backfill game_id=0022500164 start
INFO:db.backfill_nba_games:process game MIA @ LAC
INFO:db.backfill_nba_game_detail:skip back filling game detail for game MIA @ LAC, id 0022500164
INFO:db.backfill_nba_game_pbp:skip back filling game pbp for game id 0022500164
INFO:__main__:[100/906] backfill game_id=0022500164 done status_after(game=True,detail=True,pbp=True,shot=True)
INFO:__main__:[101/906] game_id=0022500163 date=2025-11-03 season_id=22025 matchup=POR vs. LAL status(game=True,detail=True,pbp=True,shot=True) missing=-
INFO:__main__:[101/906] skip game_id=0022500163 reason=fully_backfilled
INFO:__main__:[102/906] game_id=0022500161 date=2025-11-03 season_id=22025 matchup=DET @ MEM status(game=True,detail=True,pbp=True,shot=True) missing=-
INFO:__main__:[102/906] skip game_id=0022500161 reason=fully_backfilled
INFO:__main__:[103/906] game_id=0022500159 date=2025-11-03 season_id=22025 matchup=WAS @ NYK status(game=True,detail=True,pbp=True,shot=True) missing=-
INFO:__main__:[103/906] skip game_id=0022500159 reason=fully_backfilled
INFO:__main__:[104/906] game_id=0022500170 date=2025-11-04 season_id=22025 matchup=LAC vs. OKC status(game=True,detail=True,pbp=True,shot=False) missing=shot
INFO:__main__:[104/906] backfill game_id=0022500170 start
INFO:db.backfill_nba_games:process game LAC vs. OKC
INFO:db.backfill_nba_game_detail:skip back filling game detail for game LAC vs. OKC, id 0022500170
INFO:db.backfill_nba_game_pbp:skip back filling game pbp for game id 0022500170
INFO:__main__:[104/906] backfill game_id=0022500170 done status_after(game=True,detail=True,pbp=True,shot=True)
INFO:__main__:[105/906] game_id=0022500167 date=2025-11-04 season_id=22025 matchup=CHI vs. PHI status(game=True,detail=True,pbp=True,shot=False) missing=shot
INFO:__main__:[105/906] backfill game_id=0022500167 start
INFO:db.backfill_nba_games:process game CHI vs. PHI
INFO:db.backfill_nba_game_detail:skip back filling game detail for game CHI vs. PHI, id 0022500167
INFO:db.backfill_nba_game_pbp:skip back filling game pbp for game id 0022500167
