INFO:__main__:filters season=2025-26 day=None date_from=None date_to=None game_id=None team_id=None player_id=None season_types=['Regular Season', 'Playoffs'] include_existing=False with_shot_detail=True
INFO:__main__:season_type=Regular Season fetched_games=906
INFO:__main__:season_type=Playoffs fetched_games=0
INFO:__main__:processing 906 candidate games with max_workers=2
INFO:__main__:[1/906] game_id=0022500002 date=2025-10-21 season_id=22025 matchup=LAL vs. GSW status(game=True,detail=True,pbp=True,shot=True) missing=-
INFO:__main__:[1/906] skip game_id=0022500002 reason=fully_backfilled
INFO:__main__:[2/906] game_id=0022500001 date=2025-10-21 season_id=22025 matchup=HOU @ OKC status(game=True,detail=True,pbp=True,shot=True) missing=-
INFO:__main__:[2/906] skip game_id=0022500001 reason=fully_backfilled
INFO:__main__:[3/906] game_id=0022500081 date=2025-10-22 season_id=22025 matchup=ORL vs. MIA status(game=True,detail=True,pbp=True,shot=True) missing=-
INFO:__main__:[3/906] skip game_id=0022500081 reason=fully_backfilled
INFO:__main__:[4/906] game_id=0022500088 date=2025-10-22 season_id=22025 matchup=SAC @ PHX status(game=True,detail=True,pbp=True,shot=True) missing=-
INFO:__main__:[4/906] skip game_id=0022500088 reason=fully_backfilled
INFO:__main__:[5/906] game_id=0022500083 date=2025-10-22 season_id=22025 matchup=PHI @ BOS status(game=True,detail=True,pbp=True,shot=True) missing=-
INFO:__main__:[5/906] skip game_id=0022500083 reason=fully_backfilled
INFO:__main__:[6/906] game_id=0022500082 date=2025-10-22 season_id=22025 matchup=TOR @ ATL status(game=True,detail=True,pbp=True,shot=True) missing=-
INFO:__main__:[6/906] skip game_id=0022500082 reason=fully_backfilled
INFO:__main__:[7/906] game_id=0022500089 date=2025-10-22 season_id=22025 matchup=POR vs. MIN status(game=True,detail=True,pbp=True,shot=True) missing=-
INFO:__main__:[7/906] skip game_id=0022500089 reason=fully_backfilled
INFO:__main__:[8/906] game_id=0022500080 date=2025-10-22 season_id=22025 matchup=BKN @ CHA status(game=True,detail=True,pbp=True,shot=True) missing=-
INFO:__main__:[8/906] skip game_id=0022500080 reason=fully_backfilled
INFO:__main__:[9/906] game_id=0022500004 date=2025-10-22 season_id=22025 matchup=SAS @ DAL status(game=True,detail=True,pbp=True,shot=True) missing=-
INFO:__main__:[9/906] skip game_id=0022500004 reason=fully_backfilled
INFO:__main__:[10/906] game_id=0022500086 date=2025-10-22 season_id=22025 matchup=MIL vs. WAS status(game=True,detail=True,pbp=True,shot=True) missing=-
INFO:__main__:[10/906] skip game_id=0022500086 reason=fully_backfilled
INFO:__main__:[11/906] game_id=0022500085 date=2025-10-22 season_id=22025 matchup=NOP @ MEM status(game=True,detail=True,pbp=True,shot=True) missing=-
INFO:__main__:[11/906] skip game_id=0022500085 reason=fully_backfilled
INFO:__main__:[12/906] game_id=0022500084 date=2025-10-22 season_id=22025 matchup=DET @ CHI status(game=True,detail=True,pbp=True,shot=True) missing=-
INFO:__main__:[12/906] skip game_id=0022500084 reason=fully_backfilled
INFO:__main__:[13/906] game_id=0022500087 date=2025-10-22 season_id=22025 matchup=LAC @ UTA status(game=True,detail=True,pbp=True,shot=True) missing=-
INFO:__main__:[13/906] skip game_id=0022500087 reason=fully_backfilled
INFO:__main__:[14/906] game_id=0022500003 date=2025-10-22 season_id=22025 matchup=CLE @ NYK status(game=True,detail=True,pbp=True,shot=True) missing=-
INFO:__main__:[14/906] skip game_id=0022500003 reason=fully_backfilled
INFO:__main__:[15/906] game_id=0022500006 date=2025-10-23 season_id=22025 matchup=GSW vs. DEN status(game=True,detail=True,pbp=True,shot=True) missing=-
INFO:__main__:[15/906] skip game_id=0022500006 reason=fully_backfilled
INFO:__main__:[16/906] game_id=0022500005 date=2025-10-23 season_id=22025 matchup=IND vs. OKC status(game=True,detail=True,pbp=True,shot=True) missing=-
INFO:__main__:[16/906] skip game_id=0022500005 reason=fully_backfilled
INFO:__main__:[17/906] game_id=0022500092 date=2025-10-24 season_id=22025 matchup=MIL @ TOR status(game=True,detail=True,pbp=True,shot=True) missing=-
INFO:__main__:[17/906] skip game_id=0022500092 reason=fully_backfilled
INFO:__main__:[18/906] game_id=0022500090 date=2025-10-24 season_id=22025 matchup=ATL @ ORL status(game=True,detail=True,pbp=True,shot=True) missing=-
INFO:__main__:[18/906] skip game_id=0022500090 reason=fully_backfilled
INFO:__main__:[19/906] game_id=0022500019 date=2025-10-24 season_id=22025 matchup=LAL vs. MIN status(game=True,detail=True,pbp=True,shot=True) missing=-
INFO:__main__:[19/906] skip game_id=0022500019 reason=fully_backfilled
INFO:__main__:[20/906] game_id=0022500099 date=2025-10-24 season_id=22025 matchup=LAC vs. PHX status(game=True,detail=True,pbp=True,shot=True) missing=-
INFO:__main__:[20/906] skip game_id=0022500099 reason=fully_backfilled
INFO:__main__:[21/906] game_id=0022500096 date=2025-10-24 season_id=22025 matchup=DAL vs. WAS status(game=True,detail=True,pbp=True,shot=True) missing=-
INFO:__main__:[21/906] skip game_id=0022500096 reason=fully_backfilled
INFO:__main__:[22/906] game_id=0022500018 date=2025-10-24 season_id=22025 matchup=NYK vs. BOS status(game=True,detail=True,pbp=True,shot=True) missing=-
INFO:__main__:[22/906] skip game_id=0022500018 reason=fully_backfilled
INFO:__main__:[23/906] game_id=0022500094 date=2025-10-24 season_id=22025 matchup=MEM vs. MIA status(game=True,detail=True,pbp=True,shot=True) missing=-
INFO:__main__:[23/906] skip game_id=0022500094 reason=fully_backfilled
INFO:__main__:[24/906] game_id=0022500093 date=2025-10-24 season_id=22025 matchup=HOU vs. DET status(game=True,detail=True,pbp=True,shot=True) missing=-
INFO:__main__:[24/906] skip game_id=0022500093 reason=fully_backfilled
INFO:__main__:[25/906] game_id=0022500091 date=2025-10-24 season_id=22025 matchup=BKN vs. CLE status(game=True,detail=True,pbp=True,shot=True) missing=-
INFO:__main__:[25/906] skip game_id=0022500091 reason=fully_backfilled
INFO:__main__:[26/906] game_id=0022500095 date=2025-10-24 season_id=22025 matchup=NOP vs. SAS status(game=True,detail=True,pbp=True,shot=True) missing=-
INFO:__main__:[26/906] skip game_id=0022500095 reason=fully_backfilled
INFO:__main__:[27/906] game_id=0022500097 date=2025-10-24 season_id=22025 matchup=GSW @ POR status(game=True,detail=True,pbp=True,shot=True) missing=-
INFO:__main__:[27/906] skip game_id=0022500097 reason=fully_backfilled
INFO:__main__:[28/906] game_id=0022500098 date=2025-10-24 season_id=22025 matchup=SAC vs. UTA status(game=True,detail=True,pbp=True,shot=True) missing=-
INFO:__main__:[28/906] skip game_id=0022500098 reason=fully_backfilled
INFO:__main__:[29/906] game_id=0022500100 date=2025-10-25 season_id=22025 matchup=ORL vs. CHI status(game=True,detail=True,pbp=True,shot=True) missing=-
INFO:__main__:[29/906] skip game_id=0022500100 reason=fully_backfilled
INFO:__main__:[30/906] game_id=0022500103 date=2025-10-25 season_id=22025 matchup=MEM vs. IND status(game=True,detail=True,pbp=True,shot=True) missing=-
INFO:__main__:[30/906] skip game_id=0022500103 reason=fully_backfilled
INFO:__main__:[31/906] game_id=0022500104 date=2025-10-25 season_id=22025 matchup=DEN vs. PHX status(game=True,detail=True,pbp=True,shot=True) missing=-
INFO:__main__:[31/906] skip game_id=0022500104 reason=fully_backfilled
INFO:__main__:[32/906] game_id=0022500101 date=2025-10-25 season_id=22025 matchup=OKC @ ATL status(game=True,detail=True,pbp=True,shot=True) missing=-
INFO:__main__:[32/906] skip game_id=0022500101 reason=fully_backfilled
INFO:__main__:[33/906] game_id=0022500102 date=2025-10-25 season_id=22025 matchup=PHI vs. CHA status(game=True,detail=True,pbp=True,shot=True) missing=-
INFO:__main__:[33/906] skip game_id=0022500102 reason=fully_backfilled
INFO:__main__:[34/906] game_id=0022500113 date=2025-10-26 season_id=22025 matchup=LAL @ SAC status(game=True,detail=True,pbp=True,shot=True) missing=-
INFO:__main__:[34/906] skip game_id=0022500113 reason=fully_backfilled
INFO:__main__:[35/906] game_id=0022500107 date=2025-10-26 season_id=22025 matchup=CLE vs. MIL status(game=True,detail=True,pbp=True,shot=True) missing=-
INFO:__main__:[35/906] skip game_id=0022500107 reason=fully_backfilled
INFO:__main__:[36/906] game_id=0022500112 date=2025-10-26 season_id=22025 matchup=POR @ LAC status(game=True,detail=True,pbp=True,shot=True) missing=-
INFO:__main__:[36/906] skip game_id=0022500112 reason=fully_backfilled
INFO:__main__:[37/906] game_id=0022500106 date=2025-10-26 season_id=22025 matchup=BOS @ DET status(game=True,detail=True,pbp=True,shot=True) missing=-
INFO:__main__:[37/906] skip game_id=0022500106 reason=fully_backfilled
INFO:__main__:[38/906] game_id=0022500108 date=2025-10-26 season_id=22025 matchup=MIA vs. NYK status(game=True,detail=True,pbp=True,shot=True) missing=-
INFO:__main__:[38/906] skip game_id=0022500108 reason=fully_backfilled
INFO:__main__:[39/906] game_id=0022500109 date=2025-10-26 season_id=22025 matchup=WAS vs. CHA status(game=True,detail=True,pbp=True,shot=True) missing=-
INFO:__main__:[39/906] skip game_id=0022500109 reason=fully_backfilled
INFO:__main__:[40/906] game_id=0022500111 date=2025-10-26 season_id=22025 matchup=TOR @ DAL status(game=True,detail=True,pbp=True,shot=True) missing=-
INFO:__main__:[40/906] skip game_id=0022500111 reason=fully_backfilled
INFO:__main__:[41/906] game_id=0022500105 date=2025-10-26 season_id=22025 matchup=BKN @ SAS status(game=True,detail=True,pbp=True,shot=True) missing=-
INFO:__main__:[41/906] skip game_id=0022500105 reason=fully_backfilled
INFO:__main__:[42/906] game_id=0022500110 date=2025-10-26 season_id=22025 matchup=IND @ MIN status(game=True,detail=True,pbp=True,shot=True) missing=-
INFO:__main__:[42/906] skip game_id=0022500110 reason=fully_backfilled
INFO:__main__:[43/906] game_id=0022500114 date=2025-10-27 season_id=22025 matchup=PHI vs. ORL status(game=True,detail=True,pbp=True,shot=True) missing=-
INFO:__main__:[43/906] skip game_id=0022500114 reason=fully_backfilled
INFO:__main__:[44/906] game_id=0022500115 date=2025-10-27 season_id=22025 matchup=CHI vs. ATL status(game=True,detail=True,pbp=True,shot=True) missing=-
INFO:__main__:[44/906] skip game_id=0022500115 reason=fully_backfilled
INFO:__main__:[45/906] game_id=0022500122 date=2025-10-27 season_id=22025 matchup=POR @ LAL status(game=True,detail=True,pbp=True,shot=True) missing=-
INFO:__main__:[45/906] skip game_id=0022500122 reason=fully_backfilled
INFO:__main__:[46/906] game_id=0022500121 date=2025-10-27 season_id=22025 matchup=MEM @ GSW status(game=True,detail=True,pbp=True,shot=True) missing=-
INFO:__main__:[46/906] skip game_id=0022500121 reason=fully_backfilled
INFO:__main__:[47/906] game_id=0022500119 date=2025-10-27 season_id=22025 matchup=OKC @ DAL status(game=True,detail=True,pbp=True,shot=True) missing=-
INFO:__main__:[47/906] skip game_id=0022500119 reason=fully_backfilled
INFO:__main__:[48/906] game_id=0022500118 date=2025-10-27 season_id=22025 matchup=SAS vs. TOR status(game=True,detail=True,pbp=True,shot=True) missing=-
INFO:__main__:[48/906] skip game_id=0022500118 reason=fully_backfilled
INFO:__main__:[49/906] game_id=0022500008 date=2025-10-27 season_id=22025 matchup=MIN vs. DEN status(game=True,detail=True,pbp=True,shot=True) missing=-
INFO:__main__:[49/906] skip game_id=0022500008 reason=fully_backfilled
INFO:__main__:[50/906] game_id=0022500007 date=2025-10-27 season_id=22025 matchup=CLE @ DET status(game=True,detail=True,pbp=True,shot=True) missing=-
INFO:__main__:[50/906] skip game_id=0022500007 reason=fully_backfilled
INFO:__main__:[51/906] game_id=0022500120 date=2025-10-27 season_id=22025 matchup=UTA vs. PHX status(game=True,detail=True,pbp=True,shot=True) missing=-
INFO:__main__:[51/906] skip game_id=0022500120 reason=fully_backfilled
INFO:__main__:[52/906] game_id=0022500117 date=2025-10-27 season_id=22025 matchup=NOP vs. BOS status(game=True,detail=True,pbp=True,shot=True) missing=-
INFO:__main__:[52/906] skip game_id=0022500117 reason=fully_backfilled
INFO:__main__:[53/906] game_id=0022500116 date=2025-10-27 season_id=22025 matchup=HOU vs. BKN status(game=True,detail=True,pbp=True,shot=True) missing=-
INFO:__main__:[53/906] skip game_id=0022500116 reason=fully_backfilled
INFO:__main__:[54/906] game_id=0022500127 date=2025-10-28 season_id=22025 matchup=GSW vs. LAC status(game=True,detail=True,pbp=True,shot=True) missing=-
INFO:__main__:[54/906] skip game_id=0022500127 reason=fully_backfilled
INFO:__main__:[55/906] game_id=0022500123 date=2025-10-28 season_id=22025 matchup=WAS vs. PHI status(game=True,detail=True,pbp=True,shot=True) missing=-
INFO:__main__:[55/906] skip game_id=0022500123 reason=fully_backfilled
INFO:__main__:[56/906] game_id=0022500126 date=2025-10-28 season_id=22025 matchup=SAC @ OKC status(game=True,detail=True,pbp=True,shot=True) missing=-
INFO:__main__:[56/906] skip game_id=0022500126 reason=fully_backfilled
INFO:__main__:[57/906] game_id=0022500124 date=2025-10-28 season_id=22025 matchup=MIA vs. CHA status(game=True,detail=True,pbp=True,shot=True) missing=-
INFO:__main__:[57/906] skip game_id=0022500124 reason=fully_backfilled
INFO:__main__:[58/906] game_id=0022500125 date=2025-10-28 season_id=22025 matchup=NYK @ MIL status(game=True,detail=True,pbp=True,shot=True) missing=-
INFO:__main__:[58/906] skip game_id=0022500125 reason=fully_backfilled
INFO:__main__:[59/906] game_id=0022500137 date=2025-10-29 season_id=22025 matchup=MEM @ PHX status(game=True,detail=True,pbp=True,shot=False) missing=shot
INFO:__main__:[59/906] backfill game_id=0022500137 start
INFO:db.backfill_nba_games:process game MEM @ PHX
INFO:db.backfill_nba_game_detail:skip back filling game detail for game MEM @ PHX, id 0022500137
INFO:__main__:[60/906] game_id=0022500136 date=2025-10-29 season_id=22025 matchup=MIN vs. LAL status(game=True,detail=True,pbp=True,shot=False) missing=shot
INFO:__main__:[60/906] backfill game_id=0022500136 start
INFO:db.backfill_nba_game_pbp:skip back filling game pbp for game id 0022500137
INFO:db.backfill_nba_games:process game MIN vs. LAL
INFO:db.backfill_nba_game_detail:skip back filling game detail for game MIN vs. LAL, id 0022500136
INFO:db.backfill_nba_game_pbp:skip back filling game pbp for game id 0022500136
INFO:__main__:[59/906] backfill game_id=0022500137 done status_after(game=True,detail=True,pbp=True,shot=True)
INFO:__main__:[61/906] game_id=0022500130 date=2025-10-29 season_id=22025 matchup=ATL @ BKN status(game=True,detail=True,pbp=True,shot=False) missing=shot
INFO:__main__:[61/906] backfill game_id=0022500130 start
INFO:db.backfill_nba_games:process game ATL @ BKN
INFO:db.backfill_nba_game_detail:skip back filling game detail for game ATL @ BKN, id 0022500130
INFO:db.backfill_nba_game_pbp:skip back filling game pbp for game id 0022500130
INFO:__main__:[61/906] backfill game_id=0022500130 done status_after(game=True,detail=True,pbp=True,shot=True)
INFO:__main__:[62/906] game_id=0022500135 date=2025-10-29 season_id=22025 matchup=POR @ UTA status(game=True,detail=True,pbp=True,shot=True) missing=-
INFO:__main__:[62/906] skip game_id=0022500135 reason=fully_backfilled
INFO:__main__:[63/906] game_id=0022500129 date=2025-10-29 season_id=22025 matchup=DET vs. ORL status(game=True,detail=True,pbp=True,shot=False) missing=shot
INFO:__main__:[63/906] backfill game_id=0022500129 start
INFO:db.backfill_nba_games:process game DET vs. ORL
INFO:db.backfill_nba_game_detail:skip back filling game detail for game DET vs. ORL, id 0022500129
INFO:db.backfill_nba_game_pbp:skip back filling game pbp for game id 0022500129
INFO:__main__:[60/906] backfill game_id=0022500136 done status_after(game=True,detail=True,pbp=True,shot=True)
INFO:__main__:[64/906] game_id=0022500131 date=2025-10-29 season_id=22025 matchup=TOR vs. HOU status(game=True,detail=True,pbp=True,shot=True) missing=-
INFO:__main__:[64/906] skip game_id=0022500131 reason=fully_backfilled
INFO:__main__:[65/906] game_id=0022500132 date=2025-10-29 season_id=22025 matchup=SAC @ CHI status(game=True,detail=True,pbp=True,shot=True) missing=-
INFO:__main__:[65/906] skip game_id=0022500132 reason=fully_backfilled
INFO:__main__:[66/906] game_id=0022500133 date=2025-10-29 season_id=22025 matchup=DAL vs. IND status(game=True,detail=True,pbp=True,shot=True) missing=-
INFO:__main__:[66/906] skip game_id=0022500133 reason=fully_backfilled
INFO:__main__:[67/906] game_id=0022500128 date=2025-10-29 season_id=22025 matchup=BOS vs. CLE status(game=True,detail=True,pbp=True,shot=False) missing=shot
INFO:__main__:[67/906] backfill game_id=0022500128 start
INFO:db.backfill_nba_games:process game BOS vs. CLE
INFO:db.backfill_nba_game_detail:skip back filling game detail for game BOS vs. CLE, id 0022500128
INFO:db.backfill_nba_game_pbp:skip back filling game pbp for game id 0022500128
INFO:__main__:[63/906] backfill game_id=0022500129 done status_after(game=True,detail=True,pbp=True,shot=True)
INFO:__main__:[68/906] game_id=0022500134 date=2025-10-29 season_id=22025 matchup=DEN vs. NOP status(game=True,detail=True,pbp=True,shot=True) missing=-
INFO:__main__:[68/906] skip game_id=0022500134 reason=fully_backfilled
INFO:__main__:[69/906] game_id=0022500141 date=2025-10-30 season_id=22025 matchup=SAS vs. MIA status(game=True,detail=True,pbp=True,shot=False) missing=shot
INFO:__main__:[69/906] backfill game_id=0022500141 start
INFO:db.backfill_nba_games:process game SAS vs. MIA
INFO:db.backfill_nba_game_detail:skip back filling game detail for game SAS vs. MIA, id 0022500141
INFO:db.backfill_nba_game_pbp:skip back filling game pbp for game id 0022500141
INFO:__main__:[67/906] backfill game_id=0022500128 done status_after(game=True,detail=True,pbp=True,shot=True)
INFO:__main__:[70/906] game_id=0022500138 date=2025-10-30 season_id=22025 matchup=ORL @ CHA status(game=True,detail=True,pbp=True,shot=True) missing=-
INFO:__main__:[70/906] skip game_id=0022500138 reason=fully_backfilled
INFO:__main__:[71/906] game_id=0022500139 date=2025-10-30 season_id=22025 matchup=GSW @ MIL status(game=True,detail=True,pbp=True,shot=True) missing=-
INFO:__main__:[71/906] skip game_id=0022500139 reason=fully_backfilled
INFO:__main__:[72/906] game_id=0022500140 date=2025-10-30 season_id=22025 matchup=OKC vs. WAS status(game=True,detail=True,pbp=True,shot=True) missing=-
INFO:__main__:[72/906] skip game_id=0022500140 reason=fully_backfilled
INFO:__main__:[73/906] game_id=0022500023 date=2025-10-31 season_id=22025 matchup=CHI vs. NYK status(game=True,detail=True,pbp=True,shot=False) missing=shot
INFO:__main__:[73/906] backfill game_id=0022500023 start
INFO:db.backfill_nba_games:process game CHI vs. NYK
INFO:db.backfill_nba_game_detail:skip back filling game detail for game CHI vs. NYK, id 0022500023
INFO:db.backfill_nba_game_pbp:skip back filling game pbp for game id 0022500023
INFO:__main__:[69/906] backfill game_id=0022500141 done status_after(game=True,detail=True,pbp=True,shot=True)
INFO:__main__:[74/906] game_id=0022500026 date=2025-10-31 season_id=22025 matchup=POR vs. DEN status(game=True,detail=True,pbp=True,shot=False) missing=shot
INFO:__main__:[74/906] backfill game_id=0022500026 start
INFO:db.backfill_nba_games:process game POR vs. DEN
INFO:db.backfill_nba_game_detail:skip back filling game detail for game POR vs. DEN, id 0022500026
INFO:db.backfill_nba_game_pbp:skip back filling game pbp for game id 0022500026
INFO:__main__:[73/906] backfill game_id=0022500023 done status_after(game=True,detail=True,pbp=True,shot=True)
INFO:__main__:[75/906] game_id=0022500024 date=2025-10-31 season_id=22025 matchup=LAL @ MEM status(game=True,detail=True,pbp=True,shot=True) missing=-
INFO:__main__:[75/906] skip game_id=0022500024 reason=fully_backfilled
INFO:__main__:[76/906] game_id=0022500025 date=2025-10-31 season_id=22025 matchup=UTA @ PHX status(game=True,detail=True,pbp=True,shot=False) missing=shot
INFO:__main__:[76/906] backfill game_id=0022500025 start
INFO:db.backfill_nba_games:process game UTA @ PHX
INFO:db.backfill_nba_game_detail:skip back filling game detail for game UTA @ PHX, id 0022500025
INFO:db.backfill_nba_game_pbp:skip back filling game pbp for game id 0022500025
INFO:__main__:[74/906] backfill game_id=0022500026 done status_after(game=True,detail=True,pbp=True,shot=True)
INFO:__main__:[77/906] game_id=0022500021 date=2025-10-31 season_id=22025 matchup=PHI vs. BOS status(game=True,detail=True,pbp=True,shot=True) missing=-
INFO:__main__:[77/906] skip game_id=0022500021 reason=fully_backfilled
INFO:__main__:[78/906] game_id=0022500020 date=2025-10-31 season_id=22025 matchup=ATL @ IND status(game=True,detail=True,pbp=True,shot=True) missing=-
INFO:__main__:[78/906] skip game_id=0022500020 reason=fully_backfilled
INFO:__main__:[79/906] game_id=0022500022 date=2025-10-31 season_id=22025 matchup=TOR @ CLE status(game=True,detail=True,pbp=True,shot=False) missing=shot
INFO:__main__:[79/906] backfill game_id=0022500022 start
INFO:db.backfill_nba_games:process game TOR @ CLE
INFO:db.backfill_nba_game_detail:skip back filling game detail for game TOR @ CLE, id 0022500022
INFO:db.backfill_nba_game_pbp:skip back filling game pbp for game id 0022500022
INFO:__main__:[76/906] backfill game_id=0022500025 done status_after(game=True,detail=True,pbp=True,shot=True)
INFO:__main__:[80/906] game_id=0022500027 date=2025-10-31 season_id=22025 matchup=NOP @ LAC status(game=True,detail=True,pbp=True,shot=True) missing=-
INFO:__main__:[80/906] skip game_id=0022500027 reason=fully_backfilled
INFO:__main__:[81/906] game_id=0022500145 date=2025-11-01 season_id=22025 matchup=WAS vs. ORL status(game=True,detail=True,pbp=True,shot=False) missing=shot
INFO:__main__:[81/906] backfill game_id=0022500145 start
INFO:db.backfill_nba_games:process game WAS vs. ORL
INFO:db.backfill_nba_game_detail:skip back filling game detail for game WAS vs. ORL, id 0022500145
INFO:db.backfill_nba_game_pbp:skip back filling game pbp for game id 0022500145
INFO:__main__:[79/906] backfill game_id=0022500022 done status_after(game=True,detail=True,pbp=True,shot=True)
INFO:__main__:[82/906] game_id=0022500142 date=2025-11-01 season_id=22025 matchup=SAC @ MIL status(game=True,detail=True,pbp=True,shot=False) missing=shot
INFO:__main__:[82/906] backfill game_id=0022500142 start
INFO:db.backfill_nba_games:process game SAC @ MIL
INFO:db.backfill_nba_game_detail:skip back filling game detail for game SAC @ MIL, id 0022500142
INFO:db.backfill_nba_game_pbp:skip back filling game pbp for game id 0022500142
INFO:__main__:[82/906] backfill game_id=0022500142 done status_after(game=True,detail=True,pbp=True,shot=True)
INFO:__main__:[83/906] game_id=0022500143 date=2025-11-01 season_id=22025 matchup=CHA vs. MIN status(game=True,detail=True,pbp=True,shot=False) missing=shot
INFO:__main__:[83/906] backfill game_id=0022500143 start
INFO:db.backfill_nba_games:process game CHA vs. MIN
INFO:db.backfill_nba_game_detail:skip back filling game detail for game CHA vs. MIN, id 0022500143
INFO:db.backfill_nba_game_pbp:skip back filling game pbp for game id 0022500143
INFO:__main__:[81/906] backfill game_id=0022500145 done status_after(game=True,detail=True,pbp=True,shot=True)
INFO:__main__:[84/906] game_id=0022500144 date=2025-11-01 season_id=22025 matchup=GSW @ IND status(game=True,detail=True,pbp=True,shot=True) missing=-
INFO:__main__:[84/906] skip game_id=0022500144 reason=fully_backfilled
INFO:__main__:[85/906] game_id=0022500147 date=2025-11-01 season_id=22025 matchup=DAL @ DET status(game=True,detail=True,pbp=True,shot=False) missing=shot
INFO:__main__:[85/906] backfill game_id=0022500147 start
INFO:db.backfill_nba_games:process game DAL @ DET
INFO:db.backfill_nba_game_detail:skip back filling game detail for game DAL @ DET, id 0022500147
INFO:db.backfill_nba_game_pbp:skip back filling game pbp for game id 0022500147
INFO:__main__:[83/906] backfill game_id=0022500143 done status_after(game=True,detail=True,pbp=True,shot=True)
INFO:__main__:[86/906] game_id=0022500146 date=2025-11-01 season_id=22025 matchup=HOU @ BOS status(game=True,detail=True,pbp=True,shot=False) missing=shot
INFO:__main__:[86/906] backfill game_id=0022500146 start
INFO:db.backfill_nba_games:process game HOU @ BOS
INFO:db.backfill_nba_game_detail:skip back filling game detail for game HOU @ BOS, id 0022500146
INFO:db.backfill_nba_game_pbp:skip back filling game pbp for game id 0022500146
INFO:__main__:[85/906] backfill game_id=0022500147 done status_after(game=True,detail=True,pbp=True,shot=True)
INFO:__main__:[87/906] game_id=0022500154 date=2025-11-02 season_id=22025 matchup=SAS @ PHX status(game=True,detail=True,pbp=True,shot=False) missing=shot
INFO:__main__:[87/906] backfill game_id=0022500154 start
INFO:db.backfill_nba_games:process game SAS @ PHX
INFO:db.backfill_nba_game_detail:skip back filling game detail for game SAS @ PHX, id 0022500154
INFO:db.backfill_nba_game_pbp:skip back filling game pbp for game id 0022500154
INFO:__main__:[86/906] backfill game_id=0022500146 done status_after(game=True,detail=True,pbp=True,shot=True)
INFO:__main__:[88/906] game_id=0022500150 date=2025-11-02 season_id=22025 matchup=UTA @ CHA status(game=True,detail=False,pbp=False,shot=True) missing=detail,PBP
INFO:__main__:[88/906] backfill game_id=0022500150 start
INFO:db.backfill_nba_games:process game UTA @ CHA
INFO:__main__:[88/906] backfill game_id=0022500150 done status_after(game=True,detail=True,pbp=True,shot=False)
INFO:__main__:[89/906] game_id=0022500153 date=2025-11-02 season_id=22025 matchup=CHI @ NYK status(game=True,detail=True,pbp=True,shot=True) missing=-
INFO:__main__:[89/906] skip game_id=0022500153 reason=fully_backfilled
INFO:__main__:[90/906] game_id=0022500148 date=2025-11-02 season_id=22025 matchup=OKC vs. NOP status(game=True,detail=False,pbp=False,shot=True) missing=detail,PBP
INFO:__main__:[90/906] backfill game_id=0022500148 start
INFO:db.backfill_nba_games:process game OKC vs. NOP
INFO:__main__:[90/906] backfill game_id=0022500148 done status_after(game=True,detail=True,pbp=True,shot=False)
INFO:__main__:[91/906] game_id=0022500155 date=2025-11-02 season_id=22025 matchup=MIA @ LAL status(game=True,detail=True,pbp=True,shot=False) missing=shot
INFO:__main__:[91/906] backfill game_id=0022500155 start
INFO:db.backfill_nba_games:process game MIA @ LAL
INFO:db.backfill_nba_game_detail:skip back filling game detail for game MIA @ LAL, id 0022500155
INFO:db.backfill_nba_game_pbp:skip back filling game pbp for game id 0022500155
INFO:__main__:[87/906] backfill game_id=0022500154 done status_after(game=True,detail=True,pbp=True,shot=True)
INFO:__main__:[92/906] game_id=0022500149 date=2025-11-02 season_id=22025 matchup=PHI @ BKN status(game=True,detail=True,pbp=True,shot=False) missing=shot
INFO:__main__:[92/906] backfill game_id=0022500149 start
INFO:db.backfill_nba_games:process game PHI @ BKN
INFO:db.backfill_nba_game_detail:skip back filling game detail for game PHI @ BKN, id 0022500149
INFO:db.backfill_nba_game_pbp:skip back filling game pbp for game id 0022500149
INFO:__main__:[91/906] backfill game_id=0022500155 done status_after(game=True,detail=True,pbp=True,shot=True)
INFO:__main__:[93/906] game_id=0022500152 date=2025-11-02 season_id=22025 matchup=TOR vs. MEM status(game=True,detail=False,pbp=False,shot=True) missing=detail,PBP
INFO:__main__:[93/906] backfill game_id=0022500152 start
INFO:db.backfill_nba_games:process game TOR vs. MEM
INFO:__main__:[93/906] backfill game_id=0022500152 done status_after(game=True,detail=True,pbp=True,shot=False)
INFO:__main__:[94/906] game_id=0022500151 date=2025-11-02 season_id=22025 matchup=ATL @ CLE status(game=True,detail=True,pbp=True,shot=False) missing=shot
INFO:__main__:[94/906] backfill game_id=0022500151 start
INFO:db.backfill_nba_games:process game ATL @ CLE
INFO:db.backfill_nba_game_detail:skip back filling game detail for game ATL @ CLE, id 0022500151
INFO:db.backfill_nba_game_pbp:skip back filling game pbp for game id 0022500151
INFO:__main__:[92/906] backfill game_id=0022500149 done status_after(game=True,detail=True,pbp=True,shot=True)
INFO:__main__:[95/906] game_id=0022500156 date=2025-11-03 season_id=22025 matchup=BKN vs. MIN status(game=True,detail=False,pbp=False,shot=True) missing=detail,PBP
INFO:__main__:[95/906] backfill game_id=0022500156 start
INFO:db.backfill_nba_games:process game BKN vs. MIN
INFO:__main__:[95/906] backfill game_id=0022500156 done status_after(game=True,detail=True,pbp=True,shot=False)
INFO:__main__:[96/906] game_id=0022500157 date=2025-11-03 season_id=22025 matchup=IND vs. MIL status(game=True,detail=True,pbp=True,shot=False) missing=shot
INFO:__main__:[96/906] backfill game_id=0022500157 start
INFO:db.backfill_nba_games:process game IND vs. MIL
INFO:db.backfill_nba_game_detail:skip back filling game detail for game IND vs. MIL, id 0022500157
INFO:db.backfill_nba_game_pbp:skip back filling game pbp for game id 0022500157
INFO:__main__:[94/906] backfill game_id=0022500151 done status_after(game=True,detail=True,pbp=True,shot=True)
INFO:__main__:[97/906] game_id=0022500162 date=2025-11-03 season_id=22025 matchup=SAC @ DEN status(game=True,detail=True,pbp=True,shot=True) missing=-
INFO:__main__:[97/906] skip game_id=0022500162 reason=fully_backfilled
INFO:__main__:[98/906] game_id=0022500158 date=2025-11-03 season_id=22025 matchup=BOS vs. UTA status(game=True,detail=True,pbp=True,shot=False) missing=shot
INFO:__main__:[98/906] backfill game_id=0022500158 start
INFO:db.backfill_nba_games:process game BOS vs. UTA
INFO:db.backfill_nba_game_detail:skip back filling game detail for game BOS vs. UTA, id 0022500158
INFO:db.backfill_nba_game_pbp:skip back filling game pbp for game id 0022500158
INFO:__main__:[96/906] backfill game_id=0022500157 done status_after(game=True,detail=True,pbp=True,shot=True)
INFO:__main__:[99/906] game_id=0022500160 date=2025-11-03 season_id=22025 matchup=DAL @ HOU status(game=True,detail=False,pbp=False,shot=True) missing=detail,PBP
INFO:__main__:[99/906] backfill game_id=0022500160 start
INFO:db.backfill_nba_games:process game DAL @ HOU
INFO:__main__:[99/906] backfill game_id=0022500160 done status_after(game=True,detail=True,pbp=True,shot=False)
INFO:__main__:[100/906] game_id=0022500164 date=2025-11-03 season_id=22025 matchup=MIA @ LAC status(game=True,detail=False,pbp=False,shot=True) missing=detail,PBP
INFO:__main__:[100/906] backfill game_id=0022500164 start
INFO:db.backfill_nba_games:process game MIA @ LAC
INFO:__main__:[98/906] backfill game_id=0022500158 done status_after(game=True,detail=True,pbp=True,shot=True)
INFO:__main__:[101/906] game_id=0022500163 date=2025-11-03 season_id=22025 matchup=POR vs. LAL status(game=True,detail=True,pbp=True,shot=False) missing=shot
INFO:__main__:[101/906] backfill game_id=0022500163 start
INFO:db.backfill_nba_games:process game POR vs. LAL
INFO:db.backfill_nba_game_detail:skip back filling game detail for game POR vs. LAL, id 0022500163
INFO:db.backfill_nba_game_pbp:skip back filling game pbp for game id 0022500163
INFO:__main__:[100/906] backfill game_id=0022500164 done status_after(game=True,detail=True,pbp=True,shot=False)
INFO:__main__:[102/906] game_id=0022500161 date=2025-11-03 season_id=22025 matchup=DET @ MEM status(game=True,detail=True,pbp=True,shot=False) missing=shot
INFO:__main__:[102/906] backfill game_id=0022500161 start
INFO:db.backfill_nba_games:process game DET @ MEM
INFO:db.backfill_nba_game_detail:skip back filling game detail for game DET @ MEM, id 0022500161
INFO:db.backfill_nba_game_pbp:skip back filling game pbp for game id 0022500161
INFO:__main__:[102/906] backfill game_id=0022500161 done status_after(game=True,detail=True,pbp=True,shot=True)
INFO:__main__:[103/906] game_id=0022500159 date=2025-11-03 season_id=22025 matchup=WAS @ NYK status(game=True,detail=True,pbp=True,shot=False) missing=shot
INFO:__main__:[103/906] backfill game_id=0022500159 start
INFO:db.backfill_nba_games:process game WAS @ NYK
INFO:db.backfill_nba_game_detail:skip back filling game detail for game WAS @ NYK, id 0022500159
INFO:db.backfill_nba_game_pbp:skip back filling game pbp for game id 0022500159
INFO:__main__:[101/906] backfill game_id=0022500163 done status_after(game=True,detail=True,pbp=True,shot=True)
INFO:__main__:[104/906] game_id=0022500170 date=2025-11-04 season_id=22025 matchup=LAC vs. OKC status(game=True,detail=False,pbp=False,shot=True) missing=detail,PBP
INFO:__main__:[104/906] backfill game_id=0022500170 start
INFO:db.backfill_nba_games:process game LAC vs. OKC
INFO:__main__:[104/906] backfill game_id=0022500170 done status_after(game=True,detail=True,pbp=True,shot=False)
INFO:__main__:[105/906] game_id=0022500167 date=2025-11-04 season_id=22025 matchup=CHI vs. PHI status(game=True,detail=False,pbp=False,shot=True) missing=detail,PBP
INFO:__main__:[105/906] backfill game_id=0022500167 start
INFO:db.backfill_nba_games:process game CHI vs. PHI
INFO:__main__:[105/906] backfill game_id=0022500167 done status_after(game=True,detail=True,pbp=True,shot=False)
INFO:__main__:[106/906] game_id=0022500165 date=2025-11-04 season_id=22025 matchup=TOR vs. MIL status(game=True,detail=False,pbp=False,shot=True) missing=detail,PBP
INFO:__main__:[106/906] backfill game_id=0022500165 start
INFO:db.backfill_nba_games:process game TOR vs. MIL
INFO:__main__:[106/906] backfill game_id=0022500165 done status_after(game=True,detail=True,pbp=True,shot=False)
INFO:__main__:[107/906] game_id=0022500166 date=2025-11-04 season_id=22025 matchup=ATL vs. ORL status(game=True,detail=False,pbp=False,shot=True) missing=detail,PBP
INFO:__main__:[107/906] backfill game_id=0022500166 start
INFO:db.backfill_nba_games:process game ATL vs. ORL
INFO:__main__:[107/906] backfill game_id=0022500166 done status_after(game=True,detail=True,pbp=True,shot=False)
INFO:__main__:[108/906] game_id=0022500168 date=2025-11-04 season_id=22025 matchup=NOP vs. CHA status(game=True,detail=False,pbp=False,shot=True) missing=detail,PBP
INFO:__main__:[108/906] backfill game_id=0022500168 start
INFO:db.backfill_nba_games:process game NOP vs. CHA
INFO:__main__:[108/906] backfill game_id=0022500168 done status_after(game=True,detail=True,pbp=True,shot=False)
INFO:__main__:[109/906] game_id=0022500169 date=2025-11-04 season_id=22025 matchup=PHX @ GSW status(game=True,detail=True,pbp=True,shot=True) missing=-
INFO:__main__:[109/906] skip game_id=0022500169 reason=fully_backfilled
INFO:__main__:[110/906] game_id=0022500181 date=2025-11-05 season_id=22025 matchup=GSW @ SAC status(game=True,detail=True,pbp=True,shot=True) missing=-
INFO:__main__:[110/906] skip game_id=0022500181 reason=fully_backfilled
INFO:__main__:[111/906] game_id=0022500178 date=2025-11-05 season_id=22025 matchup=MIA @ DEN status(game=True,detail=False,pbp=False,shot=True) missing=detail,PBP
INFO:__main__:[111/906] backfill game_id=0022500178 start
INFO:db.backfill_nba_games:process game MIA @ DEN
INFO:__main__:[103/906] backfill game_id=0022500159 done status_after(game=True,detail=True,pbp=True,shot=True)
INFO:__main__:[112/906] game_id=0022500174 date=2025-11-05 season_id=22025 matchup=BOS vs. WAS status(game=True,detail=False,pbp=False,shot=True) missing=detail,PBP
INFO:__main__:[112/906] backfill game_id=0022500174 start
INFO:db.backfill_nba_games:process game BOS vs. WAS
INFO:__main__:[111/906] backfill game_id=0022500178 done status_after(game=True,detail=True,pbp=True,shot=False)
INFO:__main__:[113/906] game_id=0022500179 date=2025-11-05 season_id=22025 matchup=LAL vs. SAS status(game=True,detail=True,pbp=False,shot=True) missing=PBP
INFO:__main__:[113/906] backfill game_id=0022500179 start
INFO:db.backfill_nba_games:process game LAL vs. SAS
INFO:db.backfill_nba_game_detail:skip back filling game detail for game LAL vs. SAS, id 0022500179
INFO:__main__:[113/906] backfill game_id=0022500179 done status_after(game=True,detail=True,pbp=True,shot=True)
INFO:__main__:[114/906] game_id=0022500177 date=2025-11-05 season_id=22025 matchup=NOP @ DAL status(game=True,detail=False,pbp=False,shot=True) missing=detail,PBP
INFO:__main__:[114/906] backfill game_id=0022500177 start
INFO:db.backfill_nba_games:process game NOP @ DAL
INFO:__main__:[112/906] backfill game_id=0022500174 done status_after(game=True,detail=True,pbp=True,shot=False)
INFO:__main__:[115/906] game_id=0022500176 date=2025-11-05 season_id=22025 matchup=HOU @ MEM status(game=True,detail=False,pbp=False,shot=True) missing=detail,PBP
INFO:__main__:[115/906] backfill game_id=0022500176 start
INFO:db.backfill_nba_games:process game HOU @ MEM
INFO:__main__:[114/906] backfill game_id=0022500177 done status_after(game=True,detail=True,pbp=True,shot=False)
INFO:__main__:[116/906] game_id=0022500171 date=2025-11-05 season_id=22025 matchup=CLE vs. PHI status(game=True,detail=False,pbp=False,shot=True) missing=detail,PBP
INFO:__main__:[116/906] backfill game_id=0022500171 start
INFO:db.backfill_nba_games:process game CLE vs. PHI
INFO:__main__:[115/906] backfill game_id=0022500176 done status_after(game=True,detail=True,pbp=True,shot=False)
INFO:__main__:[117/906] game_id=0022500173 date=2025-11-05 season_id=22025 matchup=IND vs. BKN status(game=True,detail=False,pbp=False,shot=True) missing=detail,PBP
INFO:__main__:[117/906] backfill game_id=0022500173 start
INFO:db.backfill_nba_games:process game IND vs. BKN
INFO:__main__:[116/906] backfill game_id=0022500171 done status_after(game=True,detail=True,pbp=True,shot=False)
INFO:__main__:[118/906] game_id=0022500172 date=2025-11-05 season_id=22025 matchup=UTA @ DET status(game=True,detail=False,pbp=False,shot=True) missing=detail,PBP
INFO:__main__:[118/906] backfill game_id=0022500172 start
INFO:db.backfill_nba_games:process game UTA @ DET
INFO:__main__:[117/906] backfill game_id=0022500173 done status_after(game=True,detail=True,pbp=True,shot=False)
INFO:__main__:[119/906] game_id=0022500180 date=2025-11-05 season_id=22025 matchup=OKC @ POR status(game=True,detail=False,pbp=False,shot=True) missing=detail,PBP
INFO:__main__:[119/906] backfill game_id=0022500180 start
INFO:db.backfill_nba_games:process game OKC @ POR
INFO:__main__:[118/906] backfill game_id=0022500172 done status_after(game=True,detail=True,pbp=True,shot=False)
INFO:__main__:[120/906] game_id=0022500175 date=2025-11-05 season_id=22025 matchup=MIN @ NYK status(game=True,detail=False,pbp=False,shot=True) missing=detail,PBP
INFO:__main__:[120/906] backfill game_id=0022500175 start
INFO:db.backfill_nba_games:process game MIN @ NYK
INFO:__main__:[119/906] backfill game_id=0022500180 done status_after(game=True,detail=True,pbp=True,shot=False)
INFO:__main__:[121/906] game_id=0022500182 date=2025-11-06 season_id=22025 matchup=PHX vs. LAC status(game=True,detail=False,pbp=False,shot=True) missing=detail,PBP
INFO:__main__:[121/906] backfill game_id=0022500182 start
INFO:db.backfill_nba_games:process game PHX vs. LAC
INFO:__main__:[120/906] backfill game_id=0022500175 done status_after(game=True,detail=True,pbp=True,shot=False)
INFO:__main__:[122/906] game_id=0022500032 date=2025-11-07 season_id=22025 matchup=HOU @ SAS status(game=True,detail=False,pbp=False,shot=True) missing=detail,PBP
INFO:__main__:[122/906] backfill game_id=0022500032 start
INFO:db.backfill_nba_games:process game HOU @ SAS
INFO:__main__:[121/906] backfill game_id=0022500182 done status_after(game=True,detail=True,pbp=True,shot=False)
INFO:__main__:[123/906] game_id=0022500030 date=2025-11-07 season_id=22025 matchup=ATL vs. TOR status(game=True,detail=False,pbp=False,shot=True) missing=detail,PBP
INFO:__main__:[123/906] backfill game_id=0022500030 start
INFO:db.backfill_nba_games:process game ATL vs. TOR
INFO:__main__:[122/906] backfill game_id=0022500032 done status_after(game=True,detail=True,pbp=True,shot=False)
INFO:__main__:[124/906] game_id=0022500029 date=2025-11-07 season_id=22025 matchup=WAS vs. CLE status(game=True,detail=False,pbp=False,shot=True) missing=detail,PBP
INFO:__main__:[124/906] backfill game_id=0022500029 start
INFO:db.backfill_nba_games:process game WAS vs. CLE
INFO:__main__:[124/906] backfill game_id=0022500029 done status_after(game=True,detail=True,pbp=True,shot=False)
INFO:__main__:[125/906] game_id=0022500038 date=2025-11-07 season_id=22025 matchup=SAC vs. OKC status(game=True,detail=False,pbp=False,shot=True) missing=detail,PBP
INFO:__main__:[125/906] backfill game_id=0022500038 start
INFO:db.backfill_nba_games:process game SAC vs. OKC
INFO:__main__:[125/906] backfill game_id=0022500038 done status_after(game=True,detail=True,pbp=True,shot=False)
INFO:__main__:[126/906] game_id=0022500028 date=2025-11-07 season_id=22025 matchup=BOS @ ORL status(game=True,detail=False,pbp=False,shot=True) missing=detail,PBP
INFO:__main__:[126/906] backfill game_id=0022500028 start
INFO:db.backfill_nba_games:process game BOS @ ORL
ERROR:db.backfill_nba_game_pbp:Failed to fetch game pbp for 0022500030, error: HTTPSConnectionPool(host='stats.nba.com', port=443): Read timed out. (read timeout=30)
INFO:db.backfill_nba_game_pbp:Retrying db.backfill_nba_game_pbp.fetch_game_play_by_play in 1 seconds as it raised ReadTimeout: HTTPSConnectionPool(host='stats.nba.com', port=443): Read timed out. (read timeout=30).
ERROR:db.backfill_nba_game_detail:Failed to fetch game details for 0022500028, error: HTTPSConnectionPool(host='stats.nba.com', port=443): Read timed out. (read timeout=30)
INFO:db.backfill_nba_game_detail:Retrying db.backfill_nba_game_detail.fetch_game_details in 1 seconds as it raised ReadTimeout: HTTPSConnectionPool(host='stats.nba.com', port=443): Read timed out. (read timeout=30).
ERROR:db.backfill_nba_game_pbp:Failed to fetch game pbp for 0022500030, error: HTTPSConnectionPool(host='stats.nba.com', port=443): Read timed out. (read timeout=30)
INFO:db.backfill_nba_game_pbp:Retrying db.backfill_nba_game_pbp.fetch_game_play_by_play in 2 seconds as it raised ReadTimeout: HTTPSConnectionPool(host='stats.nba.com', port=443): Read timed out. (read timeout=30).
ERROR:db.backfill_nba_game_detail:Failed to fetch game details for 0022500028, error: HTTPSConnectionPool(host='stats.nba.com', port=443): Read timed out. (read timeout=30)
INFO:db.backfill_nba_game_detail:Retrying db.backfill_nba_game_detail.fetch_game_details in 2 seconds as it raised ReadTimeout: HTTPSConnectionPool(host='stats.nba.com', port=443): Read timed out. (read timeout=30).
ERROR:db.backfill_nba_game_pbp:Failed to fetch game pbp for 0022500030, error: HTTPSConnectionPool(host='stats.nba.com', port=443): Read timed out. (read timeout=30)
INFO:db.backfill_nba_game_pbp:Retrying db.backfill_nba_game_pbp.fetch_game_play_by_play in 4 seconds as it raised ReadTimeout: HTTPSConnectionPool(host='stats.nba.com', port=443): Read timed out. (read timeout=30).
ERROR:db.backfill_nba_game_detail:Failed to fetch game details for 0022500028, error: HTTPSConnectionPool(host='stats.nba.com', port=443): Read timed out. (read timeout=30)
INFO:db.backfill_nba_game_detail:Retrying db.backfill_nba_game_detail.fetch_game_details in 4 seconds as it raised ReadTimeout: HTTPSConnectionPool(host='stats.nba.com', port=443): Read timed out. (read timeout=30).
ERROR:db.backfill_nba_game_pbp:Failed to fetch game pbp for 0022500030, error: HTTPSConnectionPool(host='stats.nba.com', port=443): Read timed out. (read timeout=30)
INFO:db.backfill_nba_game_pbp:Retrying db.backfill_nba_game_pbp.fetch_game_play_by_play in 4 seconds as it raised ReadTimeout: HTTPSConnectionPool(host='stats.nba.com', port=443): Read timed out. (read timeout=30).
ERROR:db.backfill_nba_game_detail:Failed to fetch game details for 0022500028, error: HTTPSConnectionPool(host='stats.nba.com', port=443): Read timed out. (read timeout=30)
INFO:db.backfill_nba_game_detail:Retrying db.backfill_nba_game_detail.fetch_game_details in 4 seconds as it raised ReadTimeout: HTTPSConnectionPool(host='stats.nba.com', port=443): Read timed out. (read timeout=30).
ERROR:db.backfill_nba_game_pbp:Failed to fetch game pbp for 0022500030, error: HTTPSConnectionPool(host='stats.nba.com', port=443): Read timed out. (read timeout=30)
INFO:db.backfill_nba_games:Failed to insert game 0022500030: RetryError[<Future at 0x11d7d1d50 state=finished raised ReadTimeout>]
INFO:__main__:[123/906] backfill game_id=0022500030 done status_after(game=True,detail=False,pbp=False,shot=True)
INFO:__main__:[127/906] game_id=0022500034 date=2025-11-07 season_id=22025 matchup=MEM vs. DAL status(game=True,detail=False,pbp=False,shot=True) missing=detail,PBP
INFO:__main__:[127/906] backfill game_id=0022500034 start
INFO:db.backfill_nba_games:process game MEM vs. DAL
ERROR:db.backfill_nba_game_detail:Failed to fetch game details for 0022500028, error: HTTPSConnectionPool(host='stats.nba.com', port=443): Read timed out. (read timeout=30)
INFO:db.backfill_nba_game_detail:Final retry failed for game ID 0022500028: RetryError[<Future at 0x11d5d2950 state=finished raised ReadTimeout>]
INFO:db.backfill_nba_games:Failed to insert game 0022500028: RetryError[<Future at 0x11d5d2950 state=finished raised ReadTimeout>]
INFO:__main__:[126/906] backfill game_id=0022500028 done status_after(game=True,detail=False,pbp=False,shot=True)
INFO:__main__:[128/906] game_id=0022500031 date=2025-11-07 season_id=22025 matchup=DET @ BKN status(game=True,detail=False,pbp=False,shot=True) missing=detail,PBP
INFO:__main__:[128/906] backfill game_id=0022500031 start
INFO:db.backfill_nba_games:process game DET @ BKN
ERROR:db.backfill_nba_game_detail:Failed to fetch game details for 0022500034, error: HTTPSConnectionPool(host='stats.nba.com', port=443): Read timed out. (read timeout=30)
INFO:db.backfill_nba_game_detail:Retrying db.backfill_nba_game_detail.fetch_game_details in 1 seconds as it raised ReadTimeout: HTTPSConnectionPool(host='stats.nba.com', port=443): Read timed out. (read timeout=30).
ERROR:db.backfill_nba_game_detail:Failed to fetch game details for 0022500031, error: HTTPSConnectionPool(host='stats.nba.com', port=443): Read timed out. (read timeout=30)
INFO:db.backfill_nba_game_detail:Retrying db.backfill_nba_game_detail.fetch_game_details in 1 seconds as it raised ReadTimeout: HTTPSConnectionPool(host='stats.nba.com', port=443): Read timed out. (read timeout=30).
ERROR:db.backfill_nba_game_detail:Failed to fetch game details for 0022500034, error: HTTPSConnectionPool(host='stats.nba.com', port=443): Read timed out. (read timeout=30)
INFO:db.backfill_nba_game_detail:Retrying db.backfill_nba_game_detail.fetch_game_details in 2 seconds as it raised ReadTimeout: HTTPSConnectionPool(host='stats.nba.com', port=443): Read timed out. (read timeout=30).
ERROR:db.backfill_nba_game_detail:Failed to fetch game details for 0022500031, error: HTTPSConnectionPool(host='stats.nba.com', port=443): Read timed out. (read timeout=30)
INFO:db.backfill_nba_game_detail:Retrying db.backfill_nba_game_detail.fetch_game_details in 2 seconds as it raised ReadTimeout: HTTPSConnectionPool(host='stats.nba.com', port=443): Read timed out. (read timeout=30).
